\BOOKMARK [0][-]{chapter.1}{\376\377\0001\000\040\000C\000P\000U\000\040\000U\000s\000a\000g\000e\000\040\000A\000n\000a\000l\000y\000z\000e\000r}{}% 1
\BOOKMARK [1][-]{section.1.1}{\376\377\0001\000.\0001\000\040\000H\000o\000w\000\040\000t\000o\000\040\000R\000u\000n}{chapter.1}% 2
\BOOKMARK [1][-]{section.1.2}{\376\377\0001\000.\0002\000\040\000T\000e\000s\000t\000i\000n\000g}{chapter.1}% 3
\BOOKMARK [1][-]{section.1.3}{\376\377\0001\000.\0003\000\040\000C\000l\000e\000a\000n\000\040\000U\000p}{chapter.1}% 4
\BOOKMARK [0][-]{chapter.2}{\376\377\0002\000\040\000M\000o\000d\000u\000l\000e\000\040\000I\000n\000d\000e\000x}{}% 5
\BOOKMARK [1][-]{section.2.1}{\376\377\0002\000.\0001\000\040\000M\000o\000d\000u\000l\000e\000s}{chapter.2}% 6
\BOOKMARK [0][-]{chapter.3}{\376\377\0003\000\040\000C\000l\000a\000s\000s\000\040\000I\000n\000d\000e\000x}{}% 7
\BOOKMARK [1][-]{section.3.1}{\376\377\0003\000.\0001\000\040\000C\000l\000a\000s\000s\000\040\000L\000i\000s\000t}{chapter.3}% 8
\BOOKMARK [0][-]{chapter.4}{\376\377\0004\000\040\000F\000i\000l\000e\000\040\000I\000n\000d\000e\000x}{}% 9
\BOOKMARK [1][-]{section.4.1}{\376\377\0004\000.\0001\000\040\000F\000i\000l\000e\000\040\000L\000i\000s\000t}{chapter.4}% 10
\BOOKMARK [0][-]{chapter.5}{\376\377\0005\000\040\000M\000o\000d\000u\000l\000e\000\040\000D\000o\000c\000u\000m\000e\000n\000t\000a\000t\000i\000o\000n}{}% 11
\BOOKMARK [1][-]{section.5.1}{\376\377\0005\000.\0001\000\040\000a\000n\000a\000l\000y\000z\000e\000r\000\040\000c\000p\000u\000a\000n\000a\000l\000y\000z\000e\000r}{chapter.5}% 12
\BOOKMARK [1][-]{section.5.2}{\376\377\0005\000.\0002\000\040\000c\000p\000u\000a\000n\000a\000l\000y\000z\000e\000r}{chapter.5}% 13
\BOOKMARK [1][-]{section.5.3}{\376\377\0005\000.\0003\000\040\000l\000o\000g\000g\000e\000r\000\040\000c\000p\000u\000a\000n\000a\000l\000y\000z\000e\000r}{chapter.5}% 14
\BOOKMARK [1][-]{section.5.4}{\376\377\0005\000.\0004\000\040\000p\000r\000i\000n\000t\000e\000r\000\040\000c\000p\000u\000a\000n\000a\000l\000y\000z\000e\000r}{chapter.5}% 15
\BOOKMARK [1][-]{section.5.5}{\376\377\0005\000.\0005\000\040\000r\000e\000a\000d\000e\000r\000\040\000c\000p\000u\000a\000n\000a\000l\000y\000z\000e\000r}{chapter.5}% 16
\BOOKMARK [1][-]{section.5.6}{\376\377\0005\000.\0006\000\040\000w\000a\000t\000c\000h\000d\000o\000g\000\040\000c\000p\000u\000a\000n\000a\000l\000y\000z\000e\000r}{chapter.5}% 17
\BOOKMARK [0][-]{chapter.6}{\376\377\0006\000\040\000C\000l\000a\000s\000s\000\040\000D\000o\000c\000u\000m\000e\000n\000t\000a\000t\000i\000o\000n}{}% 18
\BOOKMARK [1][-]{section.6.1}{\376\377\0006\000.\0001\000\040\000k\000e\000r\000n\000e\000l\000\137\000p\000r\000o\000c\000\137\000s\000t\000a\000t\000\040\000S\000t\000r\000u\000c\000t\000\040\000R\000e\000f\000e\000r\000e\000n\000c\000e}{chapter.6}% 19
\BOOKMARK [0][-]{chapter.7}{\376\377\0007\000\040\000F\000i\000l\000e\000\040\000D\000o\000c\000u\000m\000e\000n\000t\000a\000t\000i\000o\000n}{}% 20
\BOOKMARK [1][-]{section.7.1}{\376\377\0007\000.\0001\000\040\000/\000h\000o\000m\000e\000/\000k\000a\000l\000i\000u\000s\000e\000r\000/\000D\000o\000c\000u\000m\000e\000n\000t\000s\000/\000p\000o\000r\000t\000f\000o\000l\000i\000o\000/\000c\000p\000u\000u\000s\000a\000g\000e\000a\000n\000a\000l\000i\000z\000e\000r\000/\000a\000n\000a\000l\000y\000z\000e\000r\000\137\000c\000p\000u\000a\000n\000a\000l\000y\000z\000e\000r\000.\000c\000\040\000F\000i\000l\000e\000\040\000R\000e\000f\000e\000r\000e\000n\000c\000e}{chapter.7}% 21
\BOOKMARK [2][-]{subsection.7.1.1}{\376\377\0007\000.\0001\000.\0001\000\040\000F\000u\000n\000c\000t\000i\000o\000n\000\040\000D\000o\000c\000u\000m\000e\000n\000t\000a\000t\000i\000o\000n}{section.7.1}% 22
\BOOKMARK [3][-]{subsubsection.7.1.1.1}{\376\377\0007\000.\0001\000.\0001\000.\0001\000\040\000a\000n\000a\000l\000y\000z\000e\000r\000\137\000p\000r\000o\000c\000\137\000s\000t\000a\000t\000\137\000t\000h\000r\000e\000a\000d\000\050\000\051}{subsection.7.1.1}% 23
\BOOKMARK [3][-]{subsubsection.7.1.1.2}{\376\377\0007\000.\0001\000.\0001\000.\0002\000\040\000c\000a\000l\000c\000u\000l\000a\000t\000e\000\137\000a\000v\000a\000r\000a\000g\000e\000\137\000c\000p\000u\000\137\000u\000s\000a\000g\000e\000\050\000\051}{subsection.7.1.1}% 24
\BOOKMARK [1][-]{section.7.2}{\376\377\0007\000.\0002\000\040\000/\000h\000o\000m\000e\000/\000k\000a\000l\000i\000u\000s\000e\000r\000/\000D\000o\000c\000u\000m\000e\000n\000t\000s\000/\000p\000o\000r\000t\000f\000o\000l\000i\000o\000/\000c\000p\000u\000u\000s\000a\000g\000e\000a\000n\000a\000l\000i\000z\000e\000r\000/\000a\000n\000a\000l\000y\000z\000e\000r\000\137\000c\000p\000u\000a\000n\000a\000l\000y\000z\000e\000r\000.\000h}{chapter.7}% 25
\BOOKMARK [1][-]{section.7.3}{\376\377\0007\000.\0003\000\040\000/\000h\000o\000m\000e\000/\000k\000a\000l\000i\000u\000s\000e\000r\000/\000D\000o\000c\000u\000m\000e\000n\000t\000s\000/\000p\000o\000r\000t\000f\000o\000l\000i\000o\000/\000c\000p\000u\000u\000s\000a\000g\000e\000a\000n\000a\000l\000i\000z\000e\000r\000/\000c\000p\000u\000a\000n\000a\000l\000y\000z\000e\000r\000.\000h}{chapter.7}% 26
\BOOKMARK [1][-]{section.7.4}{\376\377\0007\000.\0004\000\040\000/\000h\000o\000m\000e\000/\000k\000a\000l\000i\000u\000s\000e\000r\000/\000D\000o\000c\000u\000m\000e\000n\000t\000s\000/\000p\000o\000r\000t\000f\000o\000l\000i\000o\000/\000c\000p\000u\000u\000s\000a\000g\000e\000a\000n\000a\000l\000i\000z\000e\000r\000/\000l\000o\000g\000g\000e\000r\000\137\000c\000p\000u\000a\000n\000a\000l\000y\000z\000e\000r\000.\000c\000\040\000F\000i\000l\000e\000\040\000R\000e\000f\000e\000r\000e\000n\000c\000e}{chapter.7}% 27
\BOOKMARK [2][-]{subsection.7.4.1}{\376\377\0007\000.\0004\000.\0001\000\040\000F\000u\000n\000c\000t\000i\000o\000n\000\040\000D\000o\000c\000u\000m\000e\000n\000t\000a\000t\000i\000o\000n}{section.7.4}% 28
\BOOKMARK [3][-]{subsubsection.7.4.1.1}{\376\377\0007\000.\0004\000.\0001\000.\0001\000\040\000l\000o\000g\000g\000e\000r\000\137\000p\000r\000o\000c\000\137\000s\000t\000a\000t\000\137\000t\000h\000r\000e\000a\000d\000\050\000\051}{subsection.7.4.1}% 29
\BOOKMARK [1][-]{section.7.5}{\376\377\0007\000.\0005\000\040\000/\000h\000o\000m\000e\000/\000k\000a\000l\000i\000u\000s\000e\000r\000/\000D\000o\000c\000u\000m\000e\000n\000t\000s\000/\000p\000o\000r\000t\000f\000o\000l\000i\000o\000/\000c\000p\000u\000u\000s\000a\000g\000e\000a\000n\000a\000l\000i\000z\000e\000r\000/\000l\000o\000g\000g\000e\000r\000\137\000c\000p\000u\000a\000n\000a\000l\000y\000z\000e\000r\000.\000h}{chapter.7}% 30
\BOOKMARK [1][-]{section.7.6}{\376\377\0007\000.\0006\000\040\000/\000h\000o\000m\000e\000/\000k\000a\000l\000i\000u\000s\000e\000r\000/\000D\000o\000c\000u\000m\000e\000n\000t\000s\000/\000p\000o\000r\000t\000f\000o\000l\000i\000o\000/\000c\000p\000u\000u\000s\000a\000g\000e\000a\000n\000a\000l\000i\000z\000e\000r\000/\000p\000r\000i\000n\000t\000e\000r\000\137\000c\000p\000u\000a\000n\000a\000l\000y\000z\000e\000r\000.\000c\000\040\000F\000i\000l\000e\000\040\000R\000e\000f\000e\000r\000e\000n\000c\000e}{chapter.7}% 31
\BOOKMARK [2][-]{subsection.7.6.1}{\376\377\0007\000.\0006\000.\0001\000\040\000F\000u\000n\000c\000t\000i\000o\000n\000\040\000D\000o\000c\000u\000m\000e\000n\000t\000a\000t\000i\000o\000n}{section.7.6}% 32
\BOOKMARK [3][-]{subsubsection.7.6.1.1}{\376\377\0007\000.\0006\000.\0001\000.\0001\000\040\000p\000r\000i\000n\000t\000e\000r\000\137\000p\000r\000o\000c\000\137\000s\000t\000a\000t\000\137\000t\000h\000r\000e\000a\000d\000\050\000\051}{subsection.7.6.1}% 33
\BOOKMARK [1][-]{section.7.7}{\376\377\0007\000.\0007\000\040\000/\000h\000o\000m\000e\000/\000k\000a\000l\000i\000u\000s\000e\000r\000/\000D\000o\000c\000u\000m\000e\000n\000t\000s\000/\000p\000o\000r\000t\000f\000o\000l\000i\000o\000/\000c\000p\000u\000u\000s\000a\000g\000e\000a\000n\000a\000l\000i\000z\000e\000r\000/\000p\000r\000i\000n\000t\000e\000r\000\137\000c\000p\000u\000a\000n\000a\000l\000y\000z\000e\000r\000.\000h}{chapter.7}% 34
\BOOKMARK [1][-]{section.7.8}{\376\377\0007\000.\0008\000\040\000/\000h\000o\000m\000e\000/\000k\000a\000l\000i\000u\000s\000e\000r\000/\000D\000o\000c\000u\000m\000e\000n\000t\000s\000/\000p\000o\000r\000t\000f\000o\000l\000i\000o\000/\000c\000p\000u\000u\000s\000a\000g\000e\000a\000n\000a\000l\000i\000z\000e\000r\000/\000r\000e\000a\000d\000e\000r\000\137\000c\000p\000u\000a\000n\000a\000l\000y\000z\000e\000r\000.\000c\000\040\000F\000i\000l\000e\000\040\000R\000e\000f\000e\000r\000e\000n\000c\000e}{chapter.7}% 35
\BOOKMARK [2][-]{subsection.7.8.1}{\376\377\0007\000.\0008\000.\0001\000\040\000F\000u\000n\000c\000t\000i\000o\000n\000\040\000D\000o\000c\000u\000m\000e\000n\000t\000a\000t\000i\000o\000n}{section.7.8}% 36
\BOOKMARK [3][-]{subsubsection.7.8.1.1}{\376\377\0007\000.\0008\000.\0001\000.\0001\000\040\000c\000h\000e\000c\000k\000\137\000t\000o\000k\000e\000n\000\050\000\051}{subsection.7.8.1}% 37
\BOOKMARK [3][-]{subsubsection.7.8.1.2}{\376\377\0007\000.\0008\000.\0001\000.\0002\000\040\000g\000e\000t\000\137\000p\000r\000o\000c\000\137\000s\000t\000a\000t\000\050\000\051}{subsection.7.8.1}% 38
\BOOKMARK [3][-]{subsubsection.7.8.1.3}{\376\377\0007\000.\0008\000.\0001\000.\0003\000\040\000o\000p\000e\000n\000\137\000p\000r\000o\000c\000\137\000s\000t\000a\000t\000\137\000f\000i\000l\000e\000\050\000\051}{subsection.7.8.1}% 39
\BOOKMARK [3][-]{subsubsection.7.8.1.4}{\376\377\0007\000.\0008\000.\0001\000.\0004\000\040\000p\000a\000r\000s\000e\000\137\000p\000r\000o\000c\000\137\000l\000i\000n\000e\000\050\000\051}{subsection.7.8.1}% 40
\BOOKMARK [3][-]{subsubsection.7.8.1.5}{\376\377\0007\000.\0008\000.\0001\000.\0005\000\040\000r\000e\000a\000d\000\137\000p\000r\000o\000c\000\137\000s\000t\000a\000t\000\137\000t\000h\000r\000e\000a\000d\000\050\000\051}{subsection.7.8.1}% 41
\BOOKMARK [3][-]{subsubsection.7.8.1.6}{\376\377\0007\000.\0008\000.\0001\000.\0006\000\040\000s\000e\000t\000\137\000k\000e\000r\000n\000e\000l\000\137\000p\000r\000o\000c\000\137\000s\000t\000a\000t\000\137\000v\000a\000l\000u\000e\000s\000\050\000\051}{subsection.7.8.1}% 42
\BOOKMARK [1][-]{section.7.9}{\376\377\0007\000.\0009\000\040\000/\000h\000o\000m\000e\000/\000k\000a\000l\000i\000u\000s\000e\000r\000/\000D\000o\000c\000u\000m\000e\000n\000t\000s\000/\000p\000o\000r\000t\000f\000o\000l\000i\000o\000/\000c\000p\000u\000u\000s\000a\000g\000e\000a\000n\000a\000l\000i\000z\000e\000r\000/\000r\000e\000a\000d\000e\000r\000\137\000c\000p\000u\000a\000n\000a\000l\000y\000z\000e\000r\000.\000h}{chapter.7}% 43
\BOOKMARK [1][-]{section.7.10}{\376\377\0007\000.\0001\0000\000\040\000/\000h\000o\000m\000e\000/\000k\000a\000l\000i\000u\000s\000e\000r\000/\000D\000o\000c\000u\000m\000e\000n\000t\000s\000/\000p\000o\000r\000t\000f\000o\000l\000i\000o\000/\000c\000p\000u\000u\000s\000a\000g\000e\000a\000n\000a\000l\000i\000z\000e\000r\000/\000w\000a\000t\000c\000h\000d\000o\000g\000\137\000a\000n\000a\000l\000y\000z\000e\000r\000.\000h}{chapter.7}% 44
\BOOKMARK [1][-]{section.7.11}{\376\377\0007\000.\0001\0001\000\040\000/\000h\000o\000m\000e\000/\000k\000a\000l\000i\000u\000s\000e\000r\000/\000D\000o\000c\000u\000m\000e\000n\000t\000s\000/\000p\000o\000r\000t\000f\000o\000l\000i\000o\000/\000c\000p\000u\000u\000s\000a\000g\000e\000a\000n\000a\000l\000i\000z\000e\000r\000/\000w\000a\000t\000c\000h\000d\000o\000g\000\137\000c\000p\000u\000a\000n\000a\000l\000y\000z\000e\000r\000.\000c\000\040\000F\000i\000l\000e\000\040\000R\000e\000f\000e\000r\000e\000n\000c\000e}{chapter.7}% 45
\BOOKMARK [2][-]{subsection.7.11.1}{\376\377\0007\000.\0001\0001\000.\0001\000\040\000F\000u\000n\000c\000t\000i\000o\000n\000\040\000D\000o\000c\000u\000m\000e\000n\000t\000a\000t\000i\000o\000n}{section.7.11}% 46
\BOOKMARK [3][-]{subsubsection.7.11.1.1}{\376\377\0007\000.\0001\0001\000.\0001\000.\0001\000\040\000w\000a\000t\000c\000h\000d\000o\000g\000\137\000n\000o\000t\000i\000f\000i\000e\000r\000\050\000\051}{subsection.7.11.1}% 47
\BOOKMARK [3][-]{subsubsection.7.11.1.2}{\376\377\0007\000.\0001\0001\000.\0001\000.\0002\000\040\000w\000a\000t\000c\000h\000d\000o\000g\000\137\000p\000r\000o\000c\000\137\000s\000t\000a\000t\000\137\000t\000h\000r\000e\000a\000d\000\050\000\051}{subsection.7.11.1}% 48
